
Showing logs for build [32mcb-kubecd-environment-pr-178-6-wxvzf-1[0m stage [32mfrom-build-pack[0m and container [32mstep-credential-initializer-p5trc[0m
{"level":"warn","ts":1583874143.224587,"logger":"fallback-logger","caller":"logging/config.go:69","msg":"Fetch GitHub commit ID from kodata failed: \"ref: refs/heads/0.8.0-**-support-backwards-incompats\" is not a valid GitHub commit ID"}
{"level":"info","ts":1583874143.225517,"logger":"fallback-logger","caller":"creds-init/main.go:40","msg":"Credentials initialized."}

Showing logs for build [32mcb-kubecd-environment-pr-178-6-wxvzf-1[0m stage [32mfrom-build-pack[0m and container [32mstep-working-dir-initializer-vpm76[0m
{"level":"warn","ts":1583874143.6064954,"logger":"fallback-logger","caller":"logging/config.go:69","msg":"Fetch GitHub commit ID from kodata failed: open /var/run/ko/HEAD: no such file or directory"}
{"level":"info","ts":1583874143.6084175,"logger":"fallback-logger","caller":"bash/main.go:64","msg":"Successfully executed command \"sh -c mkdir -p /workspace/source\"; output "}

Showing logs for build [32mcb-kubecd-environment-pr-178-6-wxvzf-1[0m stage [32mfrom-build-pack[0m and container [32mstep-place-tools[0m

Showing logs for build [32mcb-kubecd-environment-pr-178-6-wxvzf-1[0m stage [32mfrom-build-pack[0m and container [32mstep-git-source-cb-kubecd-environment-pr-178-6-wxvzf-hddcm[0m
{"level":"warn","ts":1583874171.7658594,"logger":"fallback-logger","caller":"logging/config.go:69","msg":"Fetch GitHub commit ID from kodata failed: \"ref: refs/heads/0.8.0-**-support-backwards-incompats\" is not a valid GitHub commit ID"}
{"level":"info","ts":1583874172.8035486,"logger":"fallback-logger","caller":"git/git.go:103","msg":"Successfully cloned https://github.com/cb-kubecd/environment-pr-178-6-boot-vault-gke-staging.git @ master in path /workspace/source"}

Showing logs for build [32mcb-kubecd-environment-pr-178-6-wxvzf-1[0m stage [32mfrom-build-pack[0m and container [32mstep-git-merge[0m
Using SHAs from PULL_REFS=master:9219add6ab29ea665fb3b0b504e876f122f25b8b,2:a0ff74c4bcef7799eb185b27bb4625958e9c8609
DEBUG: LC_ALL=C JX_LOG_LEVEL=error git fetch origin --unshallow a0ff74c4bcef7799eb185b27bb4625958e9c8609: 9219add6ab29ea665fb3b0b504e876f122f25b8b:
DEBUG: ran git fetch --unshallow origin a0ff74c4bcef7799eb185b27bb4625958e9c8609: 9219add6ab29ea665fb3b0b504e876f122f25b8b: in 
DEBUG: LC_ALL=C JX_LOG_LEVEL=error git branch
DEBUG: LC_ALL=C JX_LOG_LEVEL=error git checkout master
DEBUG: ran git checkout master in 
DEBUG: LC_ALL=C JX_LOG_LEVEL=error git reset --hard 9219add6ab29ea665fb3b0b504e876f122f25b8b
DEBUG: ran git reset --hard 9219add6ab29ea665fb3b0b504e876f122f25b8b in 
DEBUG: LC_ALL=C JX_LOG_LEVEL=error git clean -fd .
DEBUG: ran clean --force -d . in 
DEBUG: LC_ALL=C JX_LOG_LEVEL=error git merge a0ff74c4bcef7799eb185b27bb4625958e9c8609
DEBUG: ran git merge a0ff74c4bcef7799eb185b27bb4625958e9c8609 in 
DEBUG: JX_LOG_LEVEL=error LC_ALL=C git log --format=%H%x1f%an%x1f%ae%x1f%cn%x1f%ce%x1f%s%n%b%x1e 9219add6ab29ea665fb3b0b504e876f122f25b8b..HEAD
Merged SHA a0ff74c4bcef7799eb185b27bb4625958e9c8609 with commit message 'chore: Promote bdd-nh-1583873863 to version 0.0.1' into base branch master

Showing logs for build [32mcb-kubecd-environment-pr-178-6-wxvzf-1[0m stage [32mfrom-build-pack[0m and container [32mstep-build-helm-build[0m
WARNING: No $CHART_REPOSITORY defined so using the default value of: http://jenkins-x-chartmuseum:8080
Adding missing Helm repo: storage.googleapis.com https://storage.googleapis.com/chartmuseum.jenkins-x.io
WARNING: No secrets found on "helm/repos" due: reading the secret "helm/repos" from vault: no secret "helm/repos" not found in vault
Read credentials for https://storage.googleapis.com/chartmuseum.jenkins-x.io from vault helm/repos
Successfully added Helm repository storage.googleapis.com.
Adding missing Helm repo: jenkins-x-chartmuseum http://jenkins-x-chartmuseum:8080
WARNING: No secrets found on "helm/repos" due: reading the secret "helm/repos" from vault: no secret "helm/repos" not found in vault
Read credentials for http://jenkins-x-chartmuseum:8080 from vault helm/repos
Successfully added Helm repository jenkins-x-chartmuseum.
WARNING: No $CHART_REPOSITORY defined so using the default value of: http://jenkins-x-chartmuseum:8080
Adding missing Helm repo: chartmuseum.jenkins-x.io http://chartmuseum.jenkins-x.io
WARNING: No secrets found on "helm/repos" due: reading the secret "helm/repos" from vault: no secret "helm/repos" not found in vault
Read credentials for http://chartmuseum.jenkins-x.io from vault helm/repos
Successfully added Helm repository chartmuseum.jenkins-x.io.
