
Showing logs for build [32mcb-kubecd-environment-pr-178-6-t2jsw-1[0m stage [32mfrom-build-pack[0m and container [32mstep-credential-initializer-hgz8w[0m
{"level":"warn","ts":1583876221.0921693,"logger":"fallback-logger","caller":"logging/config.go:69","msg":"Fetch GitHub commit ID from kodata failed: \"ref: refs/heads/0.8.0-**-support-backwards-incompats\" is not a valid GitHub commit ID"}
{"level":"info","ts":1583876221.0932753,"logger":"fallback-logger","caller":"creds-init/main.go:40","msg":"Credentials initialized."}

Showing logs for build [32mcb-kubecd-environment-pr-178-6-t2jsw-1[0m stage [32mfrom-build-pack[0m and container [32mstep-working-dir-initializer-hmqgc[0m
{"level":"warn","ts":1583876221.680011,"logger":"fallback-logger","caller":"logging/config.go:69","msg":"Fetch GitHub commit ID from kodata failed: open /var/run/ko/HEAD: no such file or directory"}
{"level":"info","ts":1583876221.6812987,"logger":"fallback-logger","caller":"bash/main.go:64","msg":"Successfully executed command \"sh -c mkdir -p /workspace/source\"; output "}

Showing logs for build [32mcb-kubecd-environment-pr-178-6-t2jsw-1[0m stage [32mfrom-build-pack[0m and container [32mstep-place-tools[0m

Showing logs for build [32mcb-kubecd-environment-pr-178-6-t2jsw-1[0m stage [32mfrom-build-pack[0m and container [32mstep-git-source-cb-kubecd-environment-pr-178-6-t2jsw-fpdhp[0m
{"level":"warn","ts":1583876224.8650362,"logger":"fallback-logger","caller":"logging/config.go:69","msg":"Fetch GitHub commit ID from kodata failed: \"ref: refs/heads/0.8.0-**-support-backwards-incompats\" is not a valid GitHub commit ID"}
{"level":"info","ts":1583876225.9133954,"logger":"fallback-logger","caller":"git/git.go:103","msg":"Successfully cloned https://github.com/cb-kubecd/environment-pr-178-6-boot-vault-gke-staging.git @ master in path /workspace/source"}

Showing logs for build [32mcb-kubecd-environment-pr-178-6-t2jsw-1[0m stage [32mfrom-build-pack[0m and container [32mstep-git-merge[0m
Using SHAs from PULL_REFS=master:d1418c5ed1e3a7114f792496a6736392a641e22a,4:a00fdbde1ab3dda8cd7a65504dc775d9a6310aac
DEBUG: LC_ALL=C JX_LOG_LEVEL=error git fetch origin --unshallow a00fdbde1ab3dda8cd7a65504dc775d9a6310aac: d1418c5ed1e3a7114f792496a6736392a641e22a:
DEBUG: ran git fetch --unshallow origin a00fdbde1ab3dda8cd7a65504dc775d9a6310aac: d1418c5ed1e3a7114f792496a6736392a641e22a: in 
DEBUG: JX_LOG_LEVEL=error LC_ALL=C git branch
DEBUG: LC_ALL=C JX_LOG_LEVEL=error git checkout master
DEBUG: ran git checkout master in 
DEBUG: LC_ALL=C JX_LOG_LEVEL=error git reset --hard d1418c5ed1e3a7114f792496a6736392a641e22a
DEBUG: ran git reset --hard d1418c5ed1e3a7114f792496a6736392a641e22a in 
DEBUG: LC_ALL=C JX_LOG_LEVEL=error git clean -fd .
DEBUG: ran clean --force -d . in 
DEBUG: LC_ALL=C JX_LOG_LEVEL=error git merge a00fdbde1ab3dda8cd7a65504dc775d9a6310aac
DEBUG: ran git merge a00fdbde1ab3dda8cd7a65504dc775d9a6310aac in 
DEBUG: LC_ALL=C JX_LOG_LEVEL=error git log --format=%H%x1f%an%x1f%ae%x1f%cn%x1f%ce%x1f%s%n%b%x1e d1418c5ed1e3a7114f792496a6736392a641e22a..HEAD
Merged SHA a00fdbde1ab3dda8cd7a65504dc775d9a6310aac with commit message 'chore: Promote bdd-sbhg-1583873863 to version 0.0.1' into base branch master

Showing logs for build [32mcb-kubecd-environment-pr-178-6-t2jsw-1[0m stage [32mfrom-build-pack[0m and container [32mstep-build-helm-build[0m
WARNING: No $CHART_REPOSITORY defined so using the default value of: http://jenkins-x-chartmuseum:8080
Adding missing Helm repo: storage.googleapis.com https://storage.googleapis.com/chartmuseum.jenkins-x.io
WARNING: No secrets found on "helm/repos" due: reading the secret "helm/repos" from vault: no secret "helm/repos" not found in vault
Read credentials for https://storage.googleapis.com/chartmuseum.jenkins-x.io from vault helm/repos
Successfully added Helm repository storage.googleapis.com.
Adding missing Helm repo: jenkins-x-chartmuseum http://jenkins-x-chartmuseum:8080
WARNING: No secrets found on "helm/repos" due: reading the secret "helm/repos" from vault: no secret "helm/repos" not found in vault
Read credentials for http://jenkins-x-chartmuseum:8080 from vault helm/repos
Successfully added Helm repository jenkins-x-chartmuseum.
WARNING: No $CHART_REPOSITORY defined so using the default value of: http://jenkins-x-chartmuseum:8080
Adding missing Helm repo: chartmuseum.jenkins-x.io http://chartmuseum.jenkins-x.io
WARNING: No secrets found on "helm/repos" due: reading the secret "helm/repos" from vault: no secret "helm/repos" not found in vault
Read credentials for http://chartmuseum.jenkins-x.io from vault helm/repos
Successfully added Helm repository chartmuseum.jenkins-x.io.
